# JRE version: Java(TM) SE Runtime Environment (8.0_25-b17) (build 1.8.0_25-b17)
# Java VM: Java HotSpot(TM) 64-Bit Server VM (25.25-b02 mixed mode bsd-amd64 compressed oops)
Heap:
 PSYoungGen      total 312832K, used 302444K [0x00000007aab00000, 0x00000007c0000000, 0x00000007c0000000)
  eden space 278528K, 100% used [0x00000007aab00000,0x00000007bbb00000,0x00000007bbb00000)
  from space 34304K, 69% used [0x00000007bde80000,0x00000007bf5db188,0x00000007c0000000)
  to   space 35328K, 68% used [0x00000007bbb00000,0x00000007bd290000,0x00000007bdd80000)
 ParOldGen       total 124416K, used 99483K [0x0000000780000000, 0x0000000787980000, 0x00000007aab00000)
  object space 124416K, 79% used [0x0000000780000000,0x0000000786126e68,0x0000000787980000)
 Metaspace       used 82979K, capacity 89304K, committed 89472K, reserved 1124352K
  class space    used 11591K, capacity 13861K, committed 13952K, reserved 1048576K
GC Heap History (10 events):
Event: 363.354 GC heap after
Heap after GC invocations=16 (full 4):
 PSYoungGen      total 315392K, used 19106K [0x00000007aab00000, 0x00000007c0000000, 0x00000007c0000000)
  eden space 281600K, 0% used [0x00000007aab00000,0x00000007aab00000,0x00000007bbe00000)
  from space 33792K, 56% used [0x00000007bdf00000,0x00000007bf1a8ac8,0x00000007c0000000)
  to   space 33792K, 0% used [0x00000007bbe00000,0x00000007bbe00000,0x00000007bdf00000)
 ParOldGen       total 124416K, used 61474K [0x0000000780000000, 0x0000000787980000, 0x00000007aab00000)
  object space 124416K, 49% used [0x0000000780000000,0x0000000783c08b70,0x0000000787980000)
 Metaspace       used 61174K, capacity 64713K, committed 64768K, reserved 1103872K
  class space    used 8426K, capacity 9705K, committed 9728K, reserved 1048576K
}
Event: 363.354 GC heap before
{Heap before GC invocations=17 (full 5):
 PSYoungGen      total 315392K, used 19106K [0x00000007aab00000, 0x00000007c0000000, 0x00000007c0000000)
  eden space 281600K, 0% used [0x00000007aab00000,0x00000007aab00000,0x00000007bbe00000)
  from space 33792K, 56% used [0x00000007bdf00000,0x00000007bf1a8ac8,0x00000007c0000000)
  to   space 33792K, 0% used [0x00000007bbe00000,0x00000007bbe00000,0x00000007bdf00000)
 ParOldGen       total 124416K, used 61474K [0x0000000780000000, 0x0000000787980000, 0x00000007aab00000)
  object space 124416K, 49% used [0x0000000780000000,0x0000000783c08b70,0x0000000787980000)
 Metaspace       used 61174K, capacity 64713K, committed 64768K, reserved 1103872K
  class space    used 8426K, capacity 9705K, committed 9728K, reserved 1048576K
Event: 363.795 GC heap after
Heap after GC invocations=17 (full 5):
 PSYoungGen      total 315392K, used 0K [0x00000007aab00000, 0x00000007c0000000, 0x00000007c0000000)
  eden space 281600K, 0% used [0x00000007aab00000,0x00000007aab00000,0x00000007bbe00000)
  from space 33792K, 0% used [0x00000007bdf00000,0x00000007bdf00000,0x00000007c0000000)
  to   space 33792K, 0% used [0x00000007bbe00000,0x00000007bbe00000,0x00000007bdf00000)
 ParOldGen       total 124416K, used 79025K [0x0000000780000000, 0x0000000787980000, 0x00000007aab00000)
  object space 124416K, 63% used [0x0000000780000000,0x0000000784d2c658,0x0000000787980000)
 Metaspace       used 61140K, capacity 64599K, committed 64768K, reserved 1103872K
  class space    used 8418K, capacity 9671K, committed 9728K, reserved 1048576K
}
Event: 484.568 GC heap before
{Heap before GC invocations=18 (full 5):
 PSYoungGen      total 315392K, used 242603K [0x00000007aab00000, 0x00000007c0000000, 0x00000007c0000000)
  eden space 281600K, 86% used [0x00000007aab00000,0x00000007b97eae68,0x00000007bbe00000)
  from space 33792K, 0% used [0x00000007bdf00000,0x00000007bdf00000,0x00000007c0000000)
  to   space 33792K, 0% used [0x00000007bbe00000,0x00000007bbe00000,0x00000007bdf00000)
 ParOldGen       total 124416K, used 79025K [0x0000000780000000, 0x0000000787980000, 0x00000007aab00000)
  object space 124416K, 63% used [0x0000000780000000,0x0000000784d2c658,0x0000000787980000)
 Metaspace       used 67743K, capacity 71936K, committed 72192K, reserved 1110016K
  class space    used 9392K, capacity 10931K, committed 11008K, reserved 1048576K
Event: 484.583 GC heap after
Heap after GC invocations=18 (full 5):
 PSYoungGen      total 303616K, used 21912K [0x00000007aab00000, 0x00000007c0000000, 0x00000007c0000000)
  eden space 281600K, 0% used [0x00000007aab00000,0x00000007aab00000,0x00000007bbe00000)
  from space 22016K, 99% used [0x00000007bbe00000,0x00000007bd3663a8,0x00000007bd380000)
  to   space 34304K, 0% used [0x00000007bde80000,0x00000007bde80000,0x00000007c0000000)
 ParOldGen       total 124416K, used 79033K [0x0000000780000000, 0x0000000787980000, 0x00000007aab00000)
  object space 124416K, 63% used [0x0000000780000000,0x0000000784d2e658,0x0000000787980000)
 Metaspace       used 67743K, capacity 71936K, committed 72192K, reserved 1110016K
  class space    used 9392K, capacity 10931K, committed 11008K, reserved 1048576K
}
Event: 484.583 GC heap before
{Heap before GC invocations=19 (full 6):
 PSYoungGen      total 303616K, used 21912K [0x00000007aab00000, 0x00000007c0000000, 0x00000007c0000000)
  eden space 281600K, 0% used [0x00000007aab00000,0x00000007aab00000,0x00000007bbe00000)
  from space 22016K, 99% used [0x00000007bbe00000,0x00000007bd3663a8,0x00000007bd380000)
  to   space 34304K, 0% used [0x00000007bde80000,0x00000007bde80000,0x00000007c0000000)
 ParOldGen       total 124416K, used 79033K [0x0000000780000000, 0x0000000787980000, 0x00000007aab00000)
  object space 124416K, 63% used [0x0000000780000000,0x0000000784d2e658,0x0000000787980000)
 Metaspace       used 67743K, capacity 71936K, committed 72192K, reserved 1110016K
  class space    used 9392K, capacity 10931K, committed 11008K, reserved 1048576K
Event: 485.044 GC heap after
Heap after GC invocations=19 (full 6):
 PSYoungGen      total 303616K, used 0K [0x00000007aab00000, 0x00000007c0000000, 0x00000007c0000000)
  eden space 281600K, 0% used [0x00000007aab00000,0x00000007aab00000,0x00000007bbe00000)
  from space 22016K, 0% used [0x00000007bbe00000,0x00000007bbe00000,0x00000007bd380000)
  to   space 34304K, 0% used [0x00000007bde80000,0x00000007bde80000,0x00000007c0000000)
 ParOldGen       total 124416K, used 99475K [0x0000000780000000, 0x0000000787980000, 0x00000007aab00000)
  object space 124416K, 79% used [0x0000000780000000,0x0000000786124e68,0x0000000787980000)
 Metaspace       used 67710K, capacity 71822K, committed 72192K, reserved 1110016K
  class space    used 9384K, capacity 10897K, committed 11008K, reserved 1048576K
}
Event: 533.040 GC heap before
{Heap before GC invocations=20 (full 6):
 PSYoungGen      total 303616K, used 281600K [0x00000007aab00000, 0x00000007c0000000, 0x00000007c0000000)
  eden space 281600K, 100% used [0x00000007aab00000,0x00000007bbe00000,0x00000007bbe00000)
  from space 22016K, 0% used [0x00000007bbe00000,0x00000007bbe00000,0x00000007bd380000)
  to   space 34304K, 0% used [0x00000007bde80000,0x00000007bde80000,0x00000007c0000000)
 ParOldGen       total 124416K, used 99475K [0x0000000780000000, 0x0000000787980000, 0x00000007aab00000)
  object space 124416K, 79% used [0x0000000780000000,0x0000000786124e68,0x0000000787980000)
 Metaspace       used 74376K, capacity 79623K, committed 79872K, reserved 1116160K
  class space    used 10375K, capacity 12273K, committed 12288K, reserved 1048576K
Event: 533.058 GC heap after
Heap after GC invocations=20 (full 6):
 PSYoungGen      total 312832K, used 23916K [0x00000007aab00000, 0x00000007c0000000, 0x00000007c0000000)
  eden space 278528K, 0% used [0x00000007aab00000,0x00000007aab00000,0x00000007bbb00000)
  from space 34304K, 69% used [0x00000007bde80000,0x00000007bf5db188,0x00000007c0000000)
  to   space 35328K, 0% used [0x00000007bbb00000,0x00000007bbb00000,0x00000007bdd80000)
 ParOldGen       total 124416K, used 99483K [0x0000000780000000, 0x0000000787980000, 0x00000007aab00000)
  object space 124416K, 79% used [0x0000000780000000,0x0000000786126e68,0x0000000787980000)
 Metaspace       used 74376K, capacity 79623K, committed 79872K, reserved 1116160K
  class space    used 10375K, capacity 12273K, committed 12288K, reserved 1048576K
}
Event: 555.226 GC heap before
{Heap before GC invocations=21 (full 6):
 PSYoungGen      total 312832K, used 302444K [0x00000007aab00000, 0x00000007c0000000, 0x00000007c0000000)
  eden space 278528K, 100% used [0x00000007aab00000,0x00000007bbb00000,0x00000007bbb00000)
  from space 34304K, 69% used [0x00000007bde80000,0x00000007bf5db188,0x00000007c0000000)
  to   space 35328K, 0% used [0x00000007bbb00000,0x00000007bbb00000,0x00000007bdd80000)
 ParOldGen       total 124416K, used 99483K [0x0000000780000000, 0x0000000787980000, 0x00000007aab00000)
  object space 124416K, 79% used [0x0000000780000000,0x0000000786126e68,0x0000000787980000)
 Metaspace       used 82979K, capacity 89304K, committed 89472K, reserved 1124352K
  class space    used 11591K, capacity 13861K, committed 13952K, reserved 1048576K

