# JRE version: Java(TM) SE Runtime Environment (8.0_25-b17) (build 1.8.0_25-b17)
# Java VM: Java HotSpot(TM) 64-Bit Server VM (25.25-b02 mixed mode bsd-amd64 compressed oops)
Heap:
 PSYoungGen      total 143360K, used 143341K [0x00000007aab00000, 0x00000007b7c00000, 0x00000007c0000000)
  eden space 132608K, 100% used [0x00000007aab00000,0x00000007b2c80000,0x00000007b2c80000)
  from space 10752K, 99% used [0x00000007b2c80000,0x00000007b36fb568,0x00000007b3700000)
  to   space 12800K, 99% used [0x00000007b6f80000,0x00000007b7bfd020,0x00000007b7c00000)
 ParOldGen       total 54784K, used 18995K [0x0000000780000000, 0x0000000783580000, 0x00000007aab00000)
  object space 54784K, 34% used [0x0000000780000000,0x000000078128ccd0,0x0000000783580000)
 Metaspace       used 33858K, capacity 35186K, committed 35328K, reserved 1079296K
  class space    used 4575K, capacity 5087K, committed 5120K, reserved 1048576K
GC Heap History (10 events):
Event: 4.885 GC heap after
Heap after GC invocations=6 (full 0):
 PSYoungGen      total 75776K, used 5288K [0x00000007aab00000, 0x00000007aff00000, 0x00000007c0000000)
  eden space 66560K, 0% used [0x00000007aab00000,0x00000007aab00000,0x00000007aec00000)
  from space 9216K, 57% used [0x00000007af600000,0x00000007afb2a120,0x00000007aff00000)
  to   space 9728K, 0% used [0x00000007aec00000,0x00000007aec00000,0x00000007af580000)
 ParOldGen       total 87552K, used 7651K [0x0000000780000000, 0x0000000785580000, 0x00000007aab00000)
  object space 87552K, 8% used [0x0000000780000000,0x0000000780778f88,0x0000000785580000)
 Metaspace       used 20166K, capacity 20518K, committed 20864K, reserved 1067008K
  class space    used 2723K, capacity 2831K, committed 2944K, reserved 1048576K
}
Event: 5.095 GC heap before
{Heap before GC invocations=7 (full 0):
 PSYoungGen      total 75776K, used 71848K [0x00000007aab00000, 0x00000007aff00000, 0x00000007c0000000)
  eden space 66560K, 100% used [0x00000007aab00000,0x00000007aec00000,0x00000007aec00000)
  from space 9216K, 57% used [0x00000007af600000,0x00000007afb2a120,0x00000007aff00000)
  to   space 9728K, 0% used [0x00000007aec00000,0x00000007aec00000,0x00000007af580000)
 ParOldGen       total 87552K, used 7651K [0x0000000780000000, 0x0000000785580000, 0x00000007aab00000)
  object space 87552K, 8% used [0x0000000780000000,0x0000000780778f88,0x0000000785580000)
 Metaspace       used 20172K, capacity 20518K, committed 20864K, reserved 1067008K
  class space    used 2723K, capacity 2831K, committed 2944K, reserved 1048576K
Event: 5.102 GC heap after
Heap after GC invocations=7 (full 0):
 PSYoungGen      total 76288K, used 3332K [0x00000007aab00000, 0x00000007b4100000, 0x00000007c0000000)
  eden space 66560K, 0% used [0x00000007aab00000,0x00000007aab00000,0x00000007aec00000)
  from space 9728K, 34% used [0x00000007aec00000,0x00000007aef41100,0x00000007af580000)
  to   space 10240K, 0% used [0x00000007b3700000,0x00000007b3700000,0x00000007b4100000)
 ParOldGen       total 87552K, used 9873K [0x0000000780000000, 0x0000000785580000, 0x00000007aab00000)
  object space 87552K, 11% used [0x0000000780000000,0x00000007809a47c0,0x0000000785580000)
 Metaspace       used 20172K, capacity 20518K, committed 20864K, reserved 1067008K
  class space    used 2723K, capacity 2831K, committed 2944K, reserved 1048576K
}
Event: 5.295 GC heap before
{Heap before GC invocations=8 (full 0):
 PSYoungGen      total 76288K, used 14683K [0x00000007aab00000, 0x00000007b4100000, 0x00000007c0000000)
  eden space 66560K, 17% used [0x00000007aab00000,0x00000007ab615e28,0x00000007aec00000)
  from space 9728K, 34% used [0x00000007aec00000,0x00000007aef41100,0x00000007af580000)
  to   space 10240K, 0% used [0x00000007b3700000,0x00000007b3700000,0x00000007b4100000)
 ParOldGen       total 87552K, used 9873K [0x0000000780000000, 0x0000000785580000, 0x00000007aab00000)
  object space 87552K, 11% used [0x0000000780000000,0x00000007809a47c0,0x0000000785580000)
 Metaspace       used 20797K, capacity 21062K, committed 21296K, reserved 1067008K
  class space    used 2781K, capacity 2863K, committed 2944K, reserved 1048576K
Event: 5.300 GC heap after
Heap after GC invocations=8 (full 0):
 PSYoungGen      total 142848K, used 1573K [0x00000007aab00000, 0x00000007b4200000, 0x00000007c0000000)
  eden space 132608K, 0% used [0x00000007aab00000,0x00000007aab00000,0x00000007b2c80000)
  from space 10240K, 15% used [0x00000007b3700000,0x00000007b3889550,0x00000007b4100000)
  to   space 10752K, 0% used [0x00000007b2c80000,0x00000007b2c80000,0x00000007b3700000)
 ParOldGen       total 87552K, used 12516K [0x0000000780000000, 0x0000000785580000, 0x00000007aab00000)
  object space 87552K, 14% used [0x0000000780000000,0x0000000780c39168,0x0000000785580000)
 Metaspace       used 20797K, capacity 21062K, committed 21296K, reserved 1067008K
  class space    used 2781K, capacity 2863K, committed 2944K, reserved 1048576K
}
Event: 5.300 GC heap before
{Heap before GC invocations=9 (full 1):
 PSYoungGen      total 142848K, used 1573K [0x00000007aab00000, 0x00000007b4200000, 0x00000007c0000000)
  eden space 132608K, 0% used [0x00000007aab00000,0x00000007aab00000,0x00000007b2c80000)
  from space 10240K, 15% used [0x00000007b3700000,0x00000007b3889550,0x00000007b4100000)
  to   space 10752K, 0% used [0x00000007b2c80000,0x00000007b2c80000,0x00000007b3700000)
 ParOldGen       total 87552K, used 12516K [0x0000000780000000, 0x0000000785580000, 0x00000007aab00000)
  object space 87552K, 14% used [0x0000000780000000,0x0000000780c39168,0x0000000785580000)
 Metaspace       used 20797K, capacity 21062K, committed 21296K, reserved 1067008K
  class space    used 2781K, capacity 2863K, committed 2944K, reserved 1048576K
Event: 5.343 GC heap after
Heap after GC invocations=9 (full 1):
 PSYoungGen      total 142848K, used 0K [0x00000007aab00000, 0x00000007b4200000, 0x00000007c0000000)
  eden space 132608K, 0% used [0x00000007aab00000,0x00000007aab00000,0x00000007b2c80000)
  from space 10240K, 0% used [0x00000007b3700000,0x00000007b3700000,0x00000007b4100000)
  to   space 10752K, 0% used [0x00000007b2c80000,0x00000007b2c80000,0x00000007b3700000)
 ParOldGen       total 54784K, used 7765K [0x0000000780000000, 0x0000000783580000, 0x00000007aab00000)
  object space 54784K, 14% used [0x0000000780000000,0x00000007807957c0,0x0000000783580000)
 Metaspace       used 20797K, capacity 21062K, committed 21296K, reserved 1067008K
  class space    used 2781K, capacity 2863K, committed 2944K, reserved 1048576K
}
Event: 7.578 GC heap before
{Heap before GC invocations=10 (full 1):
 PSYoungGen      total 142848K, used 132608K [0x00000007aab00000, 0x00000007b4200000, 0x00000007c0000000)
  eden space 132608K, 100% used [0x00000007aab00000,0x00000007b2c80000,0x00000007b2c80000)
  from space 10240K, 0% used [0x00000007b3700000,0x00000007b3700000,0x00000007b4100000)
  to   space 10752K, 0% used [0x00000007b2c80000,0x00000007b2c80000,0x00000007b3700000)
 ParOldGen       total 54784K, used 7765K [0x0000000780000000, 0x0000000783580000, 0x00000007aab00000)
  object space 54784K, 14% used [0x0000000780000000,0x00000007807957c0,0x0000000783580000)
 Metaspace       used 29236K, capacity 30052K, committed 30336K, reserved 1075200K
  class space    used 3792K, capacity 4098K, committed 4224K, reserved 1048576K
Event: 7.589 GC heap after
Heap after GC invocations=10 (full 1):
 PSYoungGen      total 143360K, used 10733K [0x00000007aab00000, 0x00000007b7c00000, 0x00000007c0000000)
  eden space 132608K, 0% used [0x00000007aab00000,0x00000007aab00000,0x00000007b2c80000)
  from space 10752K, 99% used [0x00000007b2c80000,0x00000007b36fb568,0x00000007b3700000)
  to   space 12800K, 0% used [0x00000007b6f80000,0x00000007b6f80000,0x00000007b7c00000)
 ParOldGen       total 54784K, used 9718K [0x0000000780000000, 0x0000000783580000, 0x00000007aab00000)
  object space 54784K, 17% used [0x0000000780000000,0x000000078097daf8,0x0000000783580000)
 Metaspace       used 29236K, capacity 30052K, committed 30336K, reserved 1075200K
  class space    used 3792K, capacity 4098K, committed 4224K, reserved 1048576K
}
Event: 9.125 GC heap before
{Heap before GC invocations=11 (full 1):
 PSYoungGen      total 143360K, used 143341K [0x00000007aab00000, 0x00000007b7c00000, 0x00000007c0000000)
  eden space 132608K, 100% used [0x00000007aab00000,0x00000007b2c80000,0x00000007b2c80000)
  from space 10752K, 99% used [0x00000007b2c80000,0x00000007b36fb568,0x00000007b3700000)
  to   space 12800K, 0% used [0x00000007b6f80000,0x00000007b6f80000,0x00000007b7c00000)
 ParOldGen       total 54784K, used 9718K [0x0000000780000000, 0x0000000783580000, 0x00000007aab00000)
  object space 54784K, 17% used [0x0000000780000000,0x000000078097daf8,0x0000000783580000)
 Metaspace       used 33858K, capacity 35186K, committed 35328K, reserved 1079296K
  class space    used 4575K, capacity 5087K, committed 5120K, reserved 1048576K

