# JRE version: Java(TM) SE Runtime Environment (8.0_25-b17) (build 1.8.0_25-b17)
# Java VM: Java HotSpot(TM) 64-Bit Server VM (25.25-b02 mixed mode bsd-amd64 compressed oops)
Heap:
 PSYoungGen      total 304640K, used 287678K [0x00000007aab00000, 0x00000007c0000000, 0x00000007c0000000)
  eden space 262144K, 100% used [0x00000007aab00000,0x00000007bab00000,0x00000007bab00000)
  from space 42496K, 60% used [0x00000007bd680000,0x00000007bef6f910,0x00000007c0000000)
  to   space 43520K, 91% used [0x00000007bab00000,0x00000007bd1b2e10,0x00000007bd580000)
 ParOldGen       total 165376K, used 67724K [0x0000000780000000, 0x000000078a180000, 0x00000007aab00000)
  object space 165376K, 40% used [0x0000000780000000,0x0000000784223088,0x000000078a180000)
 Metaspace       used 82875K, capacity 87086K, committed 105088K, reserved 1138688K
  class space    used 11176K, capacity 12683K, committed 16512K, reserved 1048576K
GC Heap History (10 events):
Event: 4649.074 GC heap after
Heap after GC invocations=39 (full 12):
 PSYoungGen      total 307200K, used 0K [0x00000007aab00000, 0x00000007bff80000, 0x00000007c0000000)
  eden space 265216K, 0% used [0x00000007aab00000,0x00000007aab00000,0x00000007bae00000)
  from space 41984K, 0% used [0x00000007bae00000,0x00000007bae00000,0x00000007bd700000)
  to   space 39424K, 0% used [0x00000007bd900000,0x00000007bd900000,0x00000007bff80000)
 ParOldGen       total 165376K, used 76728K [0x0000000780000000, 0x000000078a180000, 0x00000007aab00000)
  object space 165376K, 46% used [0x0000000780000000,0x0000000784aee1f0,0x000000078a180000)
 Metaspace       used 62174K, capacity 63855K, committed 105088K, reserved 1138688K
  class space    used 8014K, capacity 8666K, committed 16512K, reserved 1048576K
}
Event: 4781.496 GC heap before
{Heap before GC invocations=40 (full 12):
 PSYoungGen      total 307200K, used 265216K [0x00000007aab00000, 0x00000007bff80000, 0x00000007c0000000)
  eden space 265216K, 100% used [0x00000007aab00000,0x00000007bae00000,0x00000007bae00000)
  from space 41984K, 0% used [0x00000007bae00000,0x00000007bae00000,0x00000007bd700000)
  to   space 39424K, 0% used [0x00000007bd900000,0x00000007bd900000,0x00000007bff80000)
 ParOldGen       total 165376K, used 76728K [0x0000000780000000, 0x000000078a180000, 0x00000007aab00000)
  object space 165376K, 46% used [0x0000000780000000,0x0000000784aee1f0,0x000000078a180000)
 Metaspace       used 68492K, capacity 71248K, committed 105088K, reserved 1138688K
  class space    used 8979K, capacity 9980K, committed 16512K, reserved 1048576K
Event: 4781.520 GC heap after
Heap after GC invocations=40 (full 12):
 PSYoungGen      total 305664K, used 26825K [0x00000007aab00000, 0x00000007c0000000, 0x00000007c0000000)
  eden space 266240K, 0% used [0x00000007aab00000,0x00000007aab00000,0x00000007baf00000)
  from space 39424K, 68% used [0x00000007bd900000,0x00000007bf332470,0x00000007bff80000)
  to   space 41472K, 0% used [0x00000007baf00000,0x00000007baf00000,0x00000007bd780000)
 ParOldGen       total 165376K, used 76728K [0x0000000780000000, 0x000000078a180000, 0x00000007aab00000)
  object space 165376K, 46% used [0x0000000780000000,0x0000000784aee1f0,0x000000078a180000)
 Metaspace       used 68492K, capacity 71248K, committed 105088K, reserved 1138688K
  class space    used 8979K, capacity 9980K, committed 16512K, reserved 1048576K
}
Event: 4783.206 GC heap before
{Heap before GC invocations=41 (full 12):
 PSYoungGen      total 305664K, used 108210K [0x00000007aab00000, 0x00000007c0000000, 0x00000007c0000000)
  eden space 266240K, 30% used [0x00000007aab00000,0x00000007afa7a580,0x00000007baf00000)
  from space 39424K, 68% used [0x00000007bd900000,0x00000007bf332470,0x00000007bff80000)
  to   space 41472K, 0% used [0x00000007baf00000,0x00000007baf00000,0x00000007bd780000)
 ParOldGen       total 165376K, used 76728K [0x0000000780000000, 0x000000078a180000, 0x00000007aab00000)
  object space 165376K, 46% used [0x0000000780000000,0x0000000784aee1f0,0x000000078a180000)
 Metaspace       used 69614K, capacity 72462K, committed 105088K, reserved 1138688K
  class space    used 9167K, capacity 10191K, committed 16512K, reserved 1048576K
Event: 4783.222 GC heap after
Heap after GC invocations=41 (full 12):
 PSYoungGen      total 291328K, used 24638K [0x00000007aab00000, 0x00000007c0000000, 0x00000007c0000000)
  eden space 266240K, 0% used [0x00000007aab00000,0x00000007aab00000,0x00000007baf00000)
  from space 25088K, 98% used [0x00000007baf00000,0x00000007bc70f848,0x00000007bc780000)
  to   space 42496K, 0% used [0x00000007bd680000,0x00000007bd680000,0x00000007c0000000)
 ParOldGen       total 165376K, used 76736K [0x0000000780000000, 0x000000078a180000, 0x00000007aab00000)
  object space 165376K, 46% used [0x0000000780000000,0x0000000784af01f0,0x000000078a180000)
 Metaspace       used 69614K, capacity 72462K, committed 105088K, reserved 1138688K
  class space    used 9167K, capacity 10191K, committed 16512K, reserved 1048576K
}
Event: 4783.222 GC heap before
{Heap before GC invocations=42 (full 13):
 PSYoungGen      total 291328K, used 24638K [0x00000007aab00000, 0x00000007c0000000, 0x00000007c0000000)
  eden space 266240K, 0% used [0x00000007aab00000,0x00000007aab00000,0x00000007baf00000)
  from space 25088K, 98% used [0x00000007baf00000,0x00000007bc70f848,0x00000007bc780000)
  to   space 42496K, 0% used [0x00000007bd680000,0x00000007bd680000,0x00000007c0000000)
 ParOldGen       total 165376K, used 76736K [0x0000000780000000, 0x000000078a180000, 0x00000007aab00000)
  object space 165376K, 46% used [0x0000000780000000,0x0000000784af01f0,0x000000078a180000)
 Metaspace       used 69614K, capacity 72462K, committed 105088K, reserved 1138688K
  class space    used 9167K, capacity 10191K, committed 16512K, reserved 1048576K
Event: 4783.500 GC heap after
Heap after GC invocations=42 (full 13):
 PSYoungGen      total 291328K, used 0K [0x00000007aab00000, 0x00000007c0000000, 0x00000007c0000000)
  eden space 266240K, 0% used [0x00000007aab00000,0x00000007aab00000,0x00000007baf00000)
  from space 25088K, 0% used [0x00000007baf00000,0x00000007baf00000,0x00000007bc780000)
  to   space 42496K, 0% used [0x00000007bd680000,0x00000007bd680000,0x00000007c0000000)
 ParOldGen       total 165376K, used 67708K [0x0000000780000000, 0x000000078a180000, 0x00000007aab00000)
  object space 165376K, 40% used [0x0000000780000000,0x000000078421f088,0x000000078a180000)
 Metaspace       used 69431K, capacity 71892K, committed 105088K, reserved 1138688K
  class space    used 9129K, capacity 10021K, committed 16512K, reserved 1048576K
}
Event: 4898.293 GC heap before
{Heap before GC invocations=43 (full 13):
 PSYoungGen      total 291328K, used 266240K [0x00000007aab00000, 0x00000007c0000000, 0x00000007c0000000)
  eden space 266240K, 100% used [0x00000007aab00000,0x00000007baf00000,0x00000007baf00000)
  from space 25088K, 0% used [0x00000007baf00000,0x00000007baf00000,0x00000007bc780000)
  to   space 42496K, 0% used [0x00000007bd680000,0x00000007bd680000,0x00000007c0000000)
 ParOldGen       total 165376K, used 67708K [0x0000000780000000, 0x000000078a180000, 0x00000007aab00000)
  object space 165376K, 40% used [0x0000000780000000,0x000000078421f088,0x000000078a180000)
 Metaspace       used 75871K, capacity 79165K, committed 105088K, reserved 1138688K
  class space    used 10103K, capacity 11316K, committed 16512K, reserved 1048576K
Event: 4898.313 GC heap after
Heap after GC invocations=43 (full 13):
 PSYoungGen      total 304640K, used 25534K [0x00000007aab00000, 0x00000007c0000000, 0x00000007c0000000)
  eden space 262144K, 0% used [0x00000007aab00000,0x00000007aab00000,0x00000007bab00000)
  from space 42496K, 60% used [0x00000007bd680000,0x00000007bef6f910,0x00000007c0000000)
  to   space 43520K, 0% used [0x00000007bab00000,0x00000007bab00000,0x00000007bd580000)
 ParOldGen       total 165376K, used 67716K [0x0000000780000000, 0x000000078a180000, 0x00000007aab00000)
  object space 165376K, 40% used [0x0000000780000000,0x0000000784221088,0x000000078a180000)
 Metaspace       used 75871K, capacity 79165K, committed 105088K, reserved 1138688K
  class space    used 10103K, capacity 11316K, committed 16512K, reserved 1048576K
}
Event: 5503.304 GC heap before
{Heap before GC invocations=44 (full 13):
 PSYoungGen      total 304640K, used 287678K [0x00000007aab00000, 0x00000007c0000000, 0x00000007c0000000)
  eden space 262144K, 100% used [0x00000007aab00000,0x00000007bab00000,0x00000007bab00000)
  from space 42496K, 60% used [0x00000007bd680000,0x00000007bef6f910,0x00000007c0000000)
  to   space 43520K, 0% used [0x00000007bab00000,0x00000007bab00000,0x00000007bd580000)
 ParOldGen       total 165376K, used 67716K [0x0000000780000000, 0x000000078a180000, 0x00000007aab00000)
  object space 165376K, 40% used [0x0000000780000000,0x0000000784221088,0x000000078a180000)
 Metaspace       used 82875K, capacity 87086K, committed 105088K, reserved 1138688K
  class space    used 11176K, capacity 12683K, committed 16512K, reserved 1048576K

